<?xml version="1.0" encoding="UTF-8"?>
<coverage generated="1744826100088" clover="3.2.0">
  <project timestamp="1744826100089" name="All files">
    <metrics statements="18" coveredstatements="16" conditionals="0" coveredconditionals="0" methods="9" coveredmethods="7" elements="27" coveredelements="23" complexity="0" loc="18" ncloc="18" packages="2" files="3" classes="3"/>
    <package name="components">
      <metrics statements="17" coveredstatements="15" conditionals="0" coveredconditionals="0" methods="9" coveredmethods="7"/>
      <file name="UserClass.js" path="C:\Users\RAHUL KALIDAS\Desktop\Namste-React\src\components\UserClass.js">
        <metrics statements="15" coveredstatements="13" conditionals="0" coveredconditionals="0" methods="8" coveredmethods="6"/>
        <line num="5" count="1" type="stmt"/>
        <line num="7" count="1" type="stmt"/>
        <line num="14" count="1" type="stmt"/>
        <line num="15" count="1" type="stmt"/>
        <line num="16" count="1" type="stmt"/>
        <line num="17" count="1" type="stmt"/>
        <line num="23" count="1" type="stmt"/>
        <line num="24" count="0" type="stmt"/>
        <line num="28" count="1" type="stmt"/>
        <line num="29" count="1" type="stmt"/>
        <line num="32" count="2" type="stmt"/>
        <line num="33" count="2" type="stmt"/>
        <line num="34" count="2" type="stmt"/>
        <line num="37" count="2" type="stmt"/>
        <line num="43" count="0" type="stmt"/>
      </file>
      <file name="sum.js" path="C:\Users\RAHUL KALIDAS\Desktop\Namste-React\src\components\sum.js">
        <metrics statements="2" coveredstatements="2" conditionals="0" coveredconditionals="0" methods="1" coveredmethods="1"/>
        <line num="1" count="1" type="stmt"/>
        <line num="2" count="1" type="stmt"/>
      </file>
    </package>
    <package name="utils">
      <metrics statements="1" coveredstatements="1" conditionals="0" coveredconditionals="0" methods="0" coveredmethods="0"/>
      <file name="UserContext.js" path="C:\Users\RAHUL KALIDAS\Desktop\Namste-React\src\utils\UserContext.js">
        <metrics statements="1" coveredstatements="1" conditionals="0" coveredconditionals="0" methods="0" coveredmethods="0"/>
        <line num="3" count="1" type="stmt"/>
      </file>
    </package>
  </project>
</coverage>
