{"C:\\Users\\RAHUL KALIDAS\\Desktop\\Namste-React\\src\\components\\UserClass.js": {"path":"C:\\Users\\RAHUL KALIDAS\\Desktop\\Namste-React\\src\\components\\UserClass.js","statementMap":{"0":{"start":{"line":5,"column":4},"end":{"line":5,"column":17}},"1":{"start":{"line":7,"column":4},"end":{"line":11,"column":6}},"2":{"start":{"line":14,"column":16},"end":{"line":14,"column":61}},"3":{"start":{"line":15,"column":17},"end":{"line":15,"column":33}},"4":{"start":{"line":16,"column":4},"end":{"line":16,"column":47}},"5":{"start":{"line":17,"column":4},"end":{"line":17,"column":39}},"6":{"start":{"line":23,"column":4},"end":{"line":25,"column":13}},"7":{"start":{"line":24,"column":6},"end":{"line":24,"column":38}},"8":{"start":{"line":28,"column":4},"end":{"line":28,"column":69}},"9":{"start":{"line":29,"column":4},"end":{"line":29,"column":30}},"10":{"start":{"line":32,"column":31},"end":{"line":32,"column":41}},"11":{"start":{"line":33,"column":49},"end":{"line":33,"column":59}},"12":{"start":{"line":34,"column":4},"end":{"line":49,"column":6}},"13":{"start":{"line":37,"column":21},"end":{"line":37,"column":43}},"14":{"start":{"line":43,"column":31},"end":{"line":43,"column":77}}},"fnMap":{"0":{"name":"(anonymous_0)","decl":{"start":{"line":4,"column":2},"end":{"line":4,"column":3}},"loc":{"start":{"line":4,"column":21},"end":{"line":12,"column":3}},"line":4},"1":{"name":"(anonymous_1)","decl":{"start":{"line":13,"column":2},"end":{"line":13,"column":3}},"loc":{"start":{"line":13,"column":28},"end":{"line":18,"column":3}},"line":13},"2":{"name":"(anonymous_2)","decl":{"start":{"line":19,"column":2},"end":{"line":19,"column":3}},"loc":{"start":{"line":19,"column":43},"end":{"line":26,"column":3}},"line":19},"3":{"name":"(anonymous_3)","decl":{"start":{"line":23,"column":29},"end":{"line":23,"column":30}},"loc":{"start":{"line":23,"column":35},"end":{"line":25,"column":5}},"line":23},"4":{"name":"(anonymous_4)","decl":{"start":{"line":27,"column":2},"end":{"line":27,"column":3}},"loc":{"start":{"line":27,"column":25},"end":{"line":30,"column":3}},"line":27},"5":{"name":"(anonymous_5)","decl":{"start":{"line":31,"column":2},"end":{"line":31,"column":3}},"loc":{"start":{"line":31,"column":11},"end":{"line":50,"column":3}},"line":31},"6":{"name":"(anonymous_6)","decl":{"start":{"line":37,"column":11},"end":{"line":37,"column":12}},"loc":{"start":{"line":37,"column":21},"end":{"line":37,"column":43}},"line":37},"7":{"name":"(anonymous_7)","decl":{"start":{"line":43,"column":25},"end":{"line":43,"column":26}},"loc":{"start":{"line":43,"column":31},"end":{"line":43,"column":77}},"line":43}},"branchMap":{},"s":{"0":1,"1":1,"2":1,"3":1,"4":1,"5":1,"6":1,"7":0,"8":1,"9":1,"10":2,"11":2,"12":2,"13":2,"14":0},"f":{"0":1,"1":1,"2":1,"3":0,"4":1,"5":2,"6":2,"7":0},"b":{},"_coverageSchema":"1a1c01bbd47fc00a2c39e90264f33305004495a9","hash":"c5bffa7ec6dc01ae6aa9d27ab05337522d16b5d0"}
,"C:\\Users\\RAHUL KALIDAS\\Desktop\\Namste-React\\src\\components\\sum.js": {"path":"C:\\Users\\RAHUL KALIDAS\\Desktop\\Namste-React\\src\\components\\sum.js","statementMap":{"0":{"start":{"line":1,"column":11},"end":{"line":3,"column":1}},"1":{"start":{"line":2,"column":4},"end":{"line":2,"column":14}}},"fnMap":{"0":{"name":"(anonymous_0)","decl":{"start":{"line":1,"column":11},"end":{"line":1,"column":12}},"loc":{"start":{"line":1,"column":18},"end":{"line":3,"column":1}},"line":1}},"branchMap":{},"s":{"0":1,"1":1},"f":{"0":1},"b":{},"_coverageSchema":"1a1c01bbd47fc00a2c39e90264f33305004495a9","hash":"17e7996ea089af0c7d53af7dbb4aff7d294a415b"}
,"C:\\Users\\RAHUL KALIDAS\\Desktop\\Namste-React\\src\\utils\\UserContext.js": {"path":"C:\\Users\\RAHUL KALIDAS\\Desktop\\Namste-React\\src\\utils\\UserContext.js","statementMap":{"0":{"start":{"line":3,"column":20},"end":{"line":3,"column":58}}},"fnMap":{},"branchMap":{},"s":{"0":1},"f":{},"b":{},"_coverageSchema":"1a1c01bbd47fc00a2c39e90264f33305004495a9","hash":"c199d4de222857852aa933946cce8b5be224e753"}
}
